<?xml version="1.0" encoding="UTF-8"?>
<!-- Generated by org.testng.reporters.JUnitXMLReporter -->
<testsuite ignored="0" hostname="Subash-Pc" failures="0" tests="8" name="Orange Tests" time="122.371" errors="0" timestamp="2022-07-17T18:14:00 IST">
  <testcase classname="Com.TestCases.LoginFailTest" name="loginFailTest" time="41.641"/>
  <testcase classname="Com.TestCases.LogoutTestCase" name="logoutTest" time="56.78"/>
  <testcase classname="Com.TestCases.LoginTestCase" name="loginTest" time="58.768"/>
  <testcase classname="Com.TestCases.AddAdminUser" name="addAdminUser" time="66.121"/>
  <testcase classname="Com.TestCases.UpdateContDetlsTest" name="updateContDetlsTest" time="66.447"/>
  <testcase classname="Com.TestCases.UpdateProfileTest" name="upddateProTest" time="67.898"/>
  <testcase classname="Com.TestCases.UploadFileTest" name="uplooadFileTest" time="69.041"/>
  <testcase classname="Com.TestCases.CheckBoardsTest" name="checkBoradTest" time="122.323"/>
</testsuite> <!-- Orange Tests -->
